0 info it worked if it ends with ok
1 verbose cli [ 'C:\\Program Files\\nodejs\\node.exe',
1 verbose cli   'C:\\Users\\Aki Ovaska\\AppData\\Roaming\\npm\\node_modules\\npm\\bin\\npm-cli.js',
1 verbose cli   'run',
1 verbose cli   'serve' ]
2 info using npm@4.0.2
3 info using node@v5.1.0
4 verbose run-script [ 'preserve', 'serve', 'postserve' ]
5 info lifecycle Test@0.1.0~preserve: Test@0.1.0
6 silly lifecycle Test@0.1.0~preserve: no script for preserve, continuing
7 info lifecycle Test@0.1.0~serve: Test@0.1.0
8 verbose lifecycle Test@0.1.0~serve: unsafe-perm in lifecycle true
9 verbose lifecycle Test@0.1.0~serve: PATH: C:\Users\Aki Ovaska\AppData\Roaming\npm\node_modules\npm\bin\node-gyp-bin;D:\development\www\test\node_modules\.bin;C:\Users\Aki Ovaska\.babun\cygwin\home\Aki Ovaska\.local\bin;C:\Users\Aki Ovaska\.babun\cygwin\usr\local\bin;C:\Users\Aki Ovaska\.babun\cygwin\bin;C:\ProgramData\Oracle\Java\javapath;C:\Program Files (x86)\Intel\iCLS Client;C:\Program Files\Intel\iCLS Client;C:\WINDOWS\system32;C:\WINDOWS;C:\WINDOWS\System32\Wbem;C:\WINDOWS\System32\WindowsPowerShell\v1.0;C:\Program Files (x86)\NVIDIA Corporation\PhysX\Common;C:\Program Files\Intel\Intel(R) Management Engine Components\DAL;C:\Program Files\Intel\Intel(R) Management Engine Components\IPT;C:\Program Files (x86)\Intel\Intel(R) Management Engine Components\DAL;C:\Program Files (x86)\Intel\Intel(R) Management Engine Components\IPT;C:\Program Files\Sublime Text 3\less.js;C:\Program Files\nodejs;C:\WINDOWS\system32;C:\WINDOWS;C:\WINDOWS\System32\Wbem;C:\WINDOWS\System32\WindowsPowerShell\v1.0;C:\Program Files (x86)\Skype\Phone;C:\Users\Aki Ovaska\AppData\Roaming\npm;C:\Users\Aki Ovaska\AppData\Local\Microsoft\WindowsApps;C:\Users\Aki Ovaska\.babun
10 verbose lifecycle Test@0.1.0~serve: CWD: D:\development\www\test
11 silly lifecycle Test@0.1.0~serve: Args: [ '/d /s /c', 'webpack-dev-server --inline --progress' ]
12 silly lifecycle Test@0.1.0~serve: Returned: code: 1  signal: null
13 info lifecycle Test@0.1.0~serve: Failed to exec serve script
14 verbose stack Error: Test@0.1.0 serve: `webpack-dev-server --inline --progress`
14 verbose stack Exit status 1
14 verbose stack     at EventEmitter.<anonymous> (C:\Users\Aki Ovaska\AppData\Roaming\npm\node_modules\npm\lib\utils\lifecycle.js:279:16)
14 verbose stack     at emitTwo (events.js:87:13)
14 verbose stack     at EventEmitter.emit (events.js:172:7)
14 verbose stack     at ChildProcess.<anonymous> (C:\Users\Aki Ovaska\AppData\Roaming\npm\node_modules\npm\lib\utils\spawn.js:40:14)
14 verbose stack     at emitTwo (events.js:87:13)
14 verbose stack     at ChildProcess.emit (events.js:172:7)
14 verbose stack     at maybeClose (internal/child_process.js:818:16)
14 verbose stack     at Process.ChildProcess._handle.onexit (internal/child_process.js:211:5)
15 verbose pkgid Test@0.1.0
16 verbose cwd D:\development\www\test
17 error Windows_NT 10.0.14393
18 error argv "C:\\Program Files\\nodejs\\node.exe" "C:\\Users\\Aki Ovaska\\AppData\\Roaming\\npm\\node_modules\\npm\\bin\\npm-cli.js" "run" "serve"
19 error node v5.1.0
20 error npm  v4.0.2
21 error code ELIFECYCLE
22 error Test@0.1.0 serve: `webpack-dev-server --inline --progress`
22 error Exit status 1
23 error Failed at the Test@0.1.0 serve script 'webpack-dev-server --inline --progress'.
23 error Make sure you have the latest version of node.js and npm installed.
23 error If you do, this is most likely a problem with the Test package,
23 error not with npm itself.
23 error Tell the author that this fails on your system:
23 error     webpack-dev-server --inline --progress
23 error You can get information on how to open an issue for this project with:
23 error     npm bugs Test
23 error Or if that isn't available, you can get their info via:
23 error     npm owner ls Test
23 error There is likely additional logging output above.
24 verbose exit [ 1, true ]
